#
# There is insufficient memory for the Java Runtime Environment to continue.
# Native memory allocation (mmap) failed to map 264241152 bytes for G1 virtual space
# Possible reasons:
#   The system is out of physical RAM or swap space
#   The process is running with CompressedOops enabled, and the Java Heap may be blocking the growth of the native heap
# Possible solutions:
#   Reduce memory load on the system
#   Increase physical memory or swap space
#   Check if swap backing store is full
#   Decrease Java heap size (-Xmx/-Xms)
#   Decrease number of Java threads
#   Decrease Java thread stack sizes (-Xss)
#   Set larger code cache with -XX:ReservedCodeCacheSize=
#   JVM is running with Zero Based Compressed Oops mode in which the Java heap is
#     placed in the first 32GB address space. The Java Heap base address is the
#     maximum limit for the native heap growth. Please use -XX:HeapBaseMinAddress
#     to set the Java Heap base and to place the Java Heap above 32GB virtual address.
# This output file may be truncated or incomplete.
#
#  Out of Memory Error (os_windows.cpp:3530), pid=31616, tid=31676
#
# JRE version:  (18.0.2.1+1) (build )
# Java VM: OpenJDK 64-Bit Server VM (18.0.2.1+1, mixed mode, sharing, tiered, compressed oops, compressed class ptrs, g1 gc, windows-amd64)
# No core dump will be written. Minidumps are not enabled by default on client versions of Windows
#

---------------  S U M M A R Y ------------

Command Line: -Dfile.encoding=UTF-8 -XX:+ShowCodeDetailsInExceptionMessages Second.PizzaMenu

Host: 12th Gen Intel(R) Core(TM) i5-12500H, 16 cores, 15G,  Windows 11 , 64 bit Build 22621 (10.0.22621.1344)
Time: Wed Mar 29 22:55:54 2023 India Standard Time elapsed time: 0.150272 seconds (0d 0h 0m 0s)

---------------  T H R E A D  ---------------

Current thread (0x0000014c87c7d780):  JavaThread "Unknown thread" [_thread_in_vm, id=31676, stack(0x0000004057000000,0x0000004057100000)]

Stack: [0x0000004057000000,0x0000004057100000]
Native frames: (J=compiled Java code, j=interpreted, Vv=VM code, C=native code)
V  [jvm.dll+0x69d85a]
V  [jvm.dll+0x84c43d]
V  [jvm.dll+0x84dd4e]
V  [jvm.dll+0x84e403]
V  [jvm.dll+0x25f65f]
V  [jvm.dll+0x69a6c9]
V  [jvm.dll+0x68f1fa]
V  [jvm.dll+0x32546b]
V  [jvm.dll+0x32ce76]
V  [jvm.dll+0x3818ce]
V  [jvm.dll+0x381aff]
V  [jvm.dll+0x2fd10a]
V  [jvm.dll+0x2fe16d]
V  [jvm.dll+0x81b090]
V  [jvm.dll+0x38ec61]
V  [jvm.dll+0x7f9d63]
V  [jvm.dll+0x4109cf]
V  [jvm.dll+0x412481]
C  [jli.dll+0x5267]
C  [ucrtbase.dll+0x29363]
C  [KERNEL32.DLL+0x126bd]
C  [ntdll.dll+0x5a9f8]


---------------  P R O C E S S  ---------------

Threads class SMR info:
_java_thread_list=0x00007ff9830fee10, length=0, elements={
}

Java Threads: ( => current thread )

Other Threads:
  0x0000014c87cef500 WorkerThread "GC Thread#0" [stack: 0x0000004057100000,0x0000004057200000] [id=31680]
  0x0000014c87cffe40 ConcurrentGCThread "G1 Main Marker" [stack: 0x0000004057200000,0x0000004057300000] [id=31684]
  0x0000014c87d01130 WorkerThread "G1 Conc#0" [stack: 0x0000004057300000,0x0000004057400000] [id=31688]

[error occurred during error reporting (printing all threads), id 0xc0000005, EXCEPTION_ACCESS_VIOLATION (0xc0000005) at pc=0x00007ff9828bd737]

VM state: not at safepoint (not fully initialized)

VM Mutex/Monitor currently owned by a thread:  ([mutex/lock_event])
[0x0000014c87c79720] Heap_lock - owner thread: 0x0000014c87c7d780

Heap address: 0x0000000705e00000, size: 4002 MB, Compressed Oops mode: Zero based, Oop shift amount: 3

CDS archive(s) mapped at: [0x0000000000000000-0x0000000000000000-0x0000000000000000), size 0, SharedBaseAddress: 0x0000000800000000, ArchiveRelocationMode: 0.
Narrow klass base: 0x0000000000000000, Narrow klass shift: 0, Narrow klass range: 0x0

GC Precious Log:
 CardTable entry size: 512
 Card Set container configuration: InlinePtr #cards 4 size 8 Array Of Cards #cards 16 size 48 Howl #buckets 8 coarsen threshold 3686 Howl Bitmap #cards 512 size 80 coarsen threshold 460 Card regions per heap region 1 cards per card region 4096

Heap:
 garbage-first heap   total 0K, used 0K [0x0000000705e00000, 0x0000000800000000)
  region size 2048K, 0 young (0K), 0 survivors (0K)

[error occurred during error reporting (printing heap information), id 0xc0000005, EXCEPTION_ACCESS_VIOLATION (0xc0000005) at pc=0x00007ff982ca5c69]

GC Heap History (0 events):
No events

Deoptimization events (0 events):
No events

Classes loaded (0 events):
No events

Classes unloaded (0 events):
No events

Classes redefined (0 events):
No events

Internal exceptions (0 events):
No events

VM Operations (0 events):
No events

Events (1 events):
Event: 0.013 Loaded shared library C:\Users\Salman Mulla\.p2\pool\plugins\org.eclipse.justj.openjdk.hotspot.jre.full.win32.x86_64_18.0.2.v20221005-1040\jre\bin\java.dll


Dynamic libraries:
0x00007ff73c660000 - 0x00007ff73c66e000 	C:\Users\Salman Mulla\.p2\pool\plugins\org.eclipse.justj.openjdk.hotspot.jre.full.win32.x86_64_18.0.2.v20221005-1040\jre\bin\javaw.exe
0x00007ff9f89b0000 - 0x00007ff9f8bc4000 	C:\WINDOWS\SYSTEM32\ntdll.dll
0x00007ff9f7c30000 - 0x00007ff9f7cf3000 	C:\WINDOWS\System32\KERNEL32.DLL
0x00007ff9f5f30000 - 0x00007ff9f62cc000 	C:\WINDOWS\System32\KERNELBASE.dll
0x00007ff9f63f0000 - 0x00007ff9f6501000 	C:\WINDOWS\System32\ucrtbase.dll
0x00007ff9e4110000 - 0x00007ff9e4127000 	C:\Users\Salman Mulla\.p2\pool\plugins\org.eclipse.justj.openjdk.hotspot.jre.full.win32.x86_64_18.0.2.v20221005-1040\jre\bin\jli.dll
0x00007ff9e40f0000 - 0x00007ff9e4109000 	C:\Users\Salman Mulla\.p2\pool\plugins\org.eclipse.justj.openjdk.hotspot.jre.full.win32.x86_64_18.0.2.v20221005-1040\jre\bin\VCRUNTIME140.dll
0x00007ff9f7d00000 - 0x00007ff9f7ead000 	C:\WINDOWS\System32\USER32.dll
0x00007ff9f6680000 - 0x00007ff9f66a6000 	C:\WINDOWS\System32\win32u.dll
0x00007ff9e3cb0000 - 0x00007ff9e3f3e000 	C:\WINDOWS\WinSxS\amd64_microsoft.windows.common-controls_6595b64144ccf1df_6.0.22621.608_none_a9444ca7c10bb01d\COMCTL32.dll
0x00007ff9f7ad0000 - 0x00007ff9f7af9000 	C:\WINDOWS\System32\GDI32.dll
0x00007ff9f6900000 - 0x00007ff9f69a7000 	C:\WINDOWS\System32\msvcrt.dll
0x00007ff9f62d0000 - 0x00007ff9f63e3000 	C:\WINDOWS\System32\gdi32full.dll
0x00007ff9f6720000 - 0x00007ff9f67ba000 	C:\WINDOWS\System32\msvcp_win.dll
0x00007ff9f68c0000 - 0x00007ff9f68f1000 	C:\WINDOWS\System32\IMM32.DLL
0x00007ff9f03c0000 - 0x00007ff9f03cc000 	C:\Users\Salman Mulla\.p2\pool\plugins\org.eclipse.justj.openjdk.hotspot.jre.full.win32.x86_64_18.0.2.v20221005-1040\jre\bin\vcruntime140_1.dll
0x00007ff9b61f0000 - 0x00007ff9b6281000 	C:\Users\Salman Mulla\.p2\pool\plugins\org.eclipse.justj.openjdk.hotspot.jre.full.win32.x86_64_18.0.2.v20221005-1040\jre\bin\msvcp140.dll
0x00007ff9825b0000 - 0x00007ff98323a000 	C:\Users\Salman Mulla\.p2\pool\plugins\org.eclipse.justj.openjdk.hotspot.jre.full.win32.x86_64_18.0.2.v20221005-1040\jre\bin\server\jvm.dll
0x00007ff9f7490000 - 0x00007ff9f753e000 	C:\WINDOWS\System32\ADVAPI32.dll
0x00007ff9f7eb0000 - 0x00007ff9f7f54000 	C:\WINDOWS\System32\sechost.dll
0x00007ff9f7250000 - 0x00007ff9f7365000 	C:\WINDOWS\System32\RPCRT4.dll
0x00007ff9f67c0000 - 0x00007ff9f67c8000 	C:\WINDOWS\System32\PSAPI.DLL
0x00007ff9e5880000 - 0x00007ff9e588a000 	C:\WINDOWS\SYSTEM32\VERSION.dll
0x00007ff9f05c0000 - 0x00007ff9f05c9000 	C:\WINDOWS\SYSTEM32\WSOCK32.dll
0x00007ff9f6b50000 - 0x00007ff9f6bc1000 	C:\WINDOWS\System32\WS2_32.dll
0x00007ff9ea520000 - 0x00007ff9ea554000 	C:\WINDOWS\SYSTEM32\WINMM.dll
0x00007ff9f4e40000 - 0x00007ff9f4e58000 	C:\WINDOWS\SYSTEM32\kernel.appcore.dll
0x00007ff9f05b0000 - 0x00007ff9f05ba000 	C:\Users\Salman Mulla\.p2\pool\plugins\org.eclipse.justj.openjdk.hotspot.jre.full.win32.x86_64_18.0.2.v20221005-1040\jre\bin\jimage.dll
0x00007ff9f37f0000 - 0x00007ff9f3a1e000 	C:\WINDOWS\SYSTEM32\DBGHELP.DLL
0x00007ff9f7620000 - 0x00007ff9f79a9000 	C:\WINDOWS\System32\combase.dll
0x00007ff9f7540000 - 0x00007ff9f7617000 	C:\WINDOWS\System32\OLEAUT32.dll
0x00007ff9e6430000 - 0x00007ff9e6462000 	C:\WINDOWS\SYSTEM32\dbgcore.DLL
0x00007ff9f5df0000 - 0x00007ff9f5e6b000 	C:\WINDOWS\System32\bcryptPrimitives.dll
0x00007ff9e4b50000 - 0x00007ff9e4b75000 	C:\Users\Salman Mulla\.p2\pool\plugins\org.eclipse.justj.openjdk.hotspot.jre.full.win32.x86_64_18.0.2.v20221005-1040\jre\bin\java.dll

dbghelp: loaded successfully - version: 4.0.5 - missing functions: none
symbol engine: initialized successfully - sym options: 0x614 - pdb path: .;C:\Users\Salman Mulla\.p2\pool\plugins\org.eclipse.justj.openjdk.hotspot.jre.full.win32.x86_64_18.0.2.v20221005-1040\jre\bin;C:\WINDOWS\SYSTEM32;C:\WINDOWS\WinSxS\amd64_microsoft.windows.common-controls_6595b64144ccf1df_6.0.22621.608_none_a9444ca7c10bb01d;C:\Users\Salman Mulla\.p2\pool\plugins\org.eclipse.justj.openjdk.hotspot.jre.full.win32.x86_64_18.0.2.v20221005-1040\jre\bin\server

VM Arguments:
jvm_args: -Dfile.encoding=UTF-8 -XX:+ShowCodeDetailsInExceptionMessages 
java_command: Second.PizzaMenu
java_class_path (initial): C:\Users\Salman Mulla\eclipse-workspace\Vikasietum Pizza Second\bin
Launcher Type: SUN_STANDARD

[Global flags]
     intx CICompilerCount                          = 12                                        {product} {ergonomic}
     uint ConcGCThreads                            = 3                                         {product} {ergonomic}
     uint G1ConcRefinementThreads                  = 13                                        {product} {ergonomic}
   size_t G1HeapRegionSize                         = 2097152                                   {product} {ergonomic}
    uintx GCDrainStackTargetSize                   = 64                                        {product} {ergonomic}
   size_t InitialHeapSize                          = 264241152                                 {product} {ergonomic}
   size_t MarkStackSize                            = 4194304                                   {product} {ergonomic}
   size_t MaxHeapSize                              = 4196401152                                {product} {ergonomic}
   size_t MinHeapDeltaBytes                        = 2097152                                   {product} {ergonomic}
   size_t MinHeapSize                              = 8388608                                   {product} {ergonomic}
    uintx NonNMethodCodeHeapSize                   = 7602480                                {pd product} {ergonomic}
    uintx NonProfiledCodeHeapSize                  = 122027880                              {pd product} {ergonomic}
    uintx ProfiledCodeHeapSize                     = 122027880                              {pd product} {ergonomic}
    uintx ReservedCodeCacheSize                    = 251658240                              {pd product} {ergonomic}
     bool SegmentedCodeCache                       = true                                      {product} {ergonomic}
     bool ShowCodeDetailsInExceptionMessages       = true                                   {manageable} {command line}
   size_t SoftMaxHeapSize                          = 4196401152                             {manageable} {ergonomic}
     bool UseCompressedClassPointers               = true                           {product lp64_product} {ergonomic}
     bool UseCompressedOops                        = true                           {product lp64_product} {ergonomic}
     bool UseG1GC                                  = true                                      {product} {ergonomic}
     bool UseLargePagesIndividualAllocation        = false                                  {pd product} {ergonomic}

Logging:
Log output configuration:
 #0: stdout all=warning uptime,level,tags foldmultilines=false
 #1: stderr all=off uptime,level,tags foldmultilines=false

Environment Variables:
PATH=C:/Users/Salman Mulla/.p2/pool/plugins/org.eclipse.justj.openjdk.hotspot.jre.full.win32.x86_64_18.0.2.v20221005-1040/jre/bin/server;C:/Users/Salman Mulla/.p2/pool/plugins/org.eclipse.justj.openjdk.hotspot.jre.full.win32.x86_64_18.0.2.v20221005-1040/jre/bin;C:\oracle\product\10.2.0\db_3\bin;E:\oracle\product\10.2.0\db_1\bin;C:\Program Files (x86)\Common Files\Oracle\Java\javapath;C:\WINDOWS\system32;C:\WINDOWS;C:\WINDOWS\System32\Wbem;C:\WINDOWS\System32\WindowsPowerShell\v1.0\;C:\WINDOWS\System32\OpenSSH\;C:\Program Files\Java\jdk1.8.0_202\bin;C:\Program Files\MySQL\MySQL Server 8.0\bin;C:\Program Files\Git\cmd;C:\Program Files\MySQL\MySQL Shell 8.0\bin\;C:\Users\Salman Mulla\AppData\Local\Microsoft\WindowsApps;C:\Program Files\Java\jdk1.8.0_202\bin;C:\Users\Salman Mulla\AppData\Local\Programs\Microsoft VS Code\bin;C:\WINDOWS\System32;
USERNAME=Salman Mulla
OS=Windows_NT
PROCESSOR_IDENTIFIER=Intel64 Family 6 Model 154 Stepping 3, GenuineIntel



---------------  S Y S T E M  ---------------

OS:
 Windows 11 , 64 bit Build 22621 (10.0.22621.1344)
OS uptime: 6 days 7:24 hours

CPU: total 16 (initial active 16) (8 cores per cpu, 2 threads per core) family 6 model 154 stepping 3 microcode 0x41b, cx8, cmov, fxsr, ht, mmx, 3dnowpref, sse, sse2, sse3, ssse3, sse4.1, sse4.2, popcnt, lzcnt, tsc, tscinvbit, avx, avx2, aes, erms, clmul, bmi1, bmi2, adx, sha, fma, vzeroupper, clflush, clflushopt, clwb, serialize

Memory: 4k page, system-wide physical 16003M (6952M free)
TotalPageFile size 38467M (AvailPageFile size 64M)
current process WorkingSet (physical memory assigned to process): 11M, peak: 11M
current process commit charge ("private bytes"): 70M, peak: 322M

vm_info: OpenJDK 64-Bit Server VM (18.0.2.1+1) for windows-amd64 JRE (18.0.2.1+1), built on Aug 25 2022 17:20:57 by "" with MS VC++ 16.7 (VS2019)

END.
